<?xml version="1.0" encoding="UTF-8"?>
<!-- Generated by org.testng.reporters.JUnitReportReporter -->
<testsuite ignored="0" hostname="DESKTOP-PHR89E3" failures="0" tests="1" name="com.orangehrm.tests.Login" time="51.820" errors="0" timestamp="26 Jun 2021 12:04:16 GMT" skipped="0">
  <testcase classname="com.orangehrm.tests.Login" name="login_001" time="51.820"/>
</testsuite> <!-- com.orangehrm.tests.Login -->
